# JRE version: OpenJDK Runtime Environment Temurin-11.0.30+7 (11.0.30+7) (build 11.0.30+7)
# Java VM: OpenJDK 64-Bit Server VM Temurin-11.0.30+7 (11.0.30+7, mixed mode, tiered, compressed oops, g1 gc, windows-amd64)
Heap:
 garbage-first heap   total 456704K, used 20563K [0x0000000643e00000, 0x0000000800000000)
  region size 1024K, 17 young (17408K), 8 survivors (8192K)
 Metaspace       used 25284K, capacity 25852K, committed 26160K, reserved 1073152K
  class space    used 2653K, capacity 2835K, committed 2944K, reserved 1048576K
GC Heap History (6 events):
Event: 0.764 GC heap before
{Heap before GC invocations=0 (full 0):
 garbage-first heap   total 456704K, used 23552K [0x0000000643e00000, 0x0000000800000000)
  region size 1024K, 24 young (24576K), 0 survivors (0K)
 Metaspace       used 14094K, capacity 14427K, committed 14592K, reserved 1062912K
  class space    used 1394K, capacity 1490K, committed 1536K, reserved 1048576K
}
Event: 0.768 GC heap after
{Heap after GC invocations=1 (full 0):
 garbage-first heap   total 456704K, used 3864K [0x0000000643e00000, 0x0000000800000000)
  region size 1024K, 3 young (3072K), 3 survivors (3072K)
 Metaspace       used 14094K, capacity 14427K, committed 14592K, reserved 1062912K
  class space    used 1394K, capacity 1490K, committed 1536K, reserved 1048576K
}
Event: 1.491 GC heap before
{Heap before GC invocations=1 (full 0):
 garbage-first heap   total 456704K, used 56088K [0x0000000643e00000, 0x0000000800000000)
  region size 1024K, 55 young (56320K), 3 survivors (3072K)
 Metaspace       used 20737K, capacity 21062K, committed 21296K, reserved 1069056K
  class space    used 2192K, capacity 2308K, committed 2432K, reserved 1048576K
}
Event: 1.499 GC heap after
{Heap after GC invocations=2 (full 0):
 garbage-first heap   total 456704K, used 6972K [0x0000000643e00000, 0x0000000800000000)
  region size 1024K, 7 young (7168K), 7 survivors (7168K)
 Metaspace       used 20737K, capacity 21062K, committed 21296K, reserved 1069056K
  class space    used 2192K, capacity 2308K, committed 2432K, reserved 1048576K
}
Event: 2.561 GC heap before
{Heap before GC invocations=3 (full 0):
 garbage-first heap   total 456704K, used 65340K [0x0000000643e00000, 0x0000000800000000)
  region size 1024K, 64 young (65536K), 7 survivors (7168K)
 Metaspace       used 25187K, capacity 25847K, committed 26160K, reserved 1073152K
  class space    used 2653K, capacity 2835K, committed 2944K, reserved 1048576K
}
Event: 2.758 GC heap after
{Heap after GC invocations=4 (full 0):
 garbage-first heap   total 456704K, used 12371K [0x0000000643e00000, 0x0000000800000000)
  region size 1024K, 8 young (8192K), 8 survivors (8192K)
 Metaspace       used 25187K, capacity 25847K, committed 26160K, reserved 1073152K
  class space    used 2653K, capacity 2835K, committed 2944K, reserved 1048576K
}

