# JRE version: OpenJDK Runtime Environment Temurin-11.0.30+7 (11.0.30+7) (build 11.0.30+7)
# Java VM: OpenJDK 64-Bit Server VM Temurin-11.0.30+7 (11.0.30+7, mixed mode, tiered, compressed oops, g1 gc, windows-amd64)
Heap:
 garbage-first heap   total 456704K, used 116531K [0x0000000643e00000, 0x0000000800000000)
  region size 1024K, 57 young (58368K), 10 survivors (10240K)
 Metaspace       used 29451K, capacity 30231K, committed 30384K, reserved 1077248K
  class space    used 3040K, capacity 3299K, committed 3328K, reserved 1048576K
GC Heap History (8 events):
Event: 0.769 GC heap before
{Heap before GC invocations=0 (full 0):
 garbage-first heap   total 456704K, used 23552K [0x0000000643e00000, 0x0000000800000000)
  region size 1024K, 24 young (24576K), 0 survivors (0K)
 Metaspace       used 14083K, capacity 14427K, committed 14592K, reserved 1062912K
  class space    used 1394K, capacity 1490K, committed 1536K, reserved 1048576K
}
Event: 0.773 GC heap after
{Heap after GC invocations=1 (full 0):
 garbage-first heap   total 456704K, used 4003K [0x0000000643e00000, 0x0000000800000000)
  region size 1024K, 3 young (3072K), 3 survivors (3072K)
 Metaspace       used 14083K, capacity 14427K, committed 14592K, reserved 1062912K
  class space    used 1394K, capacity 1490K, committed 1536K, reserved 1048576K
}
Event: 1.620 GC heap before
{Heap before GC invocations=1 (full 0):
 garbage-first heap   total 456704K, used 54179K [0x0000000643e00000, 0x0000000800000000)
  region size 1024K, 53 young (54272K), 3 survivors (3072K)
 Metaspace       used 20746K, capacity 21062K, committed 21296K, reserved 1069056K
  class space    used 2193K, capacity 2308K, committed 2432K, reserved 1048576K
}
Event: 1.630 GC heap after
{Heap after GC invocations=2 (full 0):
 garbage-first heap   total 456704K, used 7075K [0x0000000643e00000, 0x0000000800000000)
  region size 1024K, 6 young (6144K), 6 survivors (6144K)
 Metaspace       used 20746K, capacity 21062K, committed 21296K, reserved 1069056K
  class space    used 2193K, capacity 2308K, committed 2432K, reserved 1048576K
}
Event: 2.679 GC heap before
{Heap before GC invocations=3 (full 0):
 garbage-first heap   total 456704K, used 58275K [0x0000000643e00000, 0x0000000800000000)
  region size 1024K, 56 young (57344K), 6 survivors (6144K)
 Metaspace       used 25114K, capacity 25716K, committed 25904K, reserved 1073152K
  class space    used 2651K, capacity 2835K, committed 2944K, reserved 1048576K
}
Event: 2.685 GC heap after
{Heap after GC invocations=4 (full 0):
 garbage-first heap   total 456704K, used 11813K [0x0000000643e00000, 0x0000000800000000)
  region size 1024K, 7 young (7168K), 7 survivors (7168K)
 Metaspace       used 25114K, capacity 25716K, committed 25904K, reserved 1073152K
  class space    used 2651K, capacity 2835K, committed 2944K, reserved 1048576K
}
Event: 3.743 GC heap before
{Heap before GC invocations=4 (full 0):
 garbage-first heap   total 456704K, used 83493K [0x0000000643e00000, 0x0000000800000000)
  region size 1024K, 77 young (78848K), 7 survivors (7168K)
 Metaspace       used 26059K, capacity 26654K, committed 26928K, reserved 1073152K
  class space    used 2674K, capacity 2845K, committed 2944K, reserved 1048576K
}
Event: 3.750 GC heap after
{Heap after GC invocations=5 (full 0):
 garbage-first heap   total 456704K, used 20275K [0x0000000643e00000, 0x0000000800000000)
  region size 1024K, 10 young (10240K), 10 survivors (10240K)
 Metaspace       used 26059K, capacity 26654K, committed 26928K, reserved 1073152K
  class space    used 2674K, capacity 2845K, committed 2944K, reserved 1048576K
}

